INFO - 2023-12-17 16:18:56,088 в строке 206
r1: Прямоугольник со сторонами 3 и 3
INFO - 2023-12-17 16:18:56,088 в строке 207
r1 width: 3, height: 3
INFO - 2023-12-17 16:18:56,089 в строке 208
r1 perimeter: 12
INFO - 2023-12-17 16:18:56,089 в строке 209
r1 area: 9
INFO - 2023-12-17 16:18:56,089 в строке 211
r2: Прямоугольник со сторонами 2 и 2
INFO - 2023-12-17 16:18:56,089 в строке 212
r2 width: 2, height: 3
INFO - 2023-12-17 16:18:56,089 в строке 213
r2 perimeter: 8
INFO - 2023-12-17 16:18:56,090 в строке 214
r2 area: 4
INFO - 2023-12-17 16:18:56,090 в строке 216
r3: Прямоугольник со сторонами 5 и 5
INFO - 2023-12-17 16:18:56,090 в строке 217
r3 width: 5, height: 5
INFO - 2023-12-17 16:18:56,090 в строке 218
r3 perimeter: 20
INFO - 2023-12-17 16:18:56,090 в строке 219
r3 area: 25
INFO - 2023-12-17 16:18:56,090 в строке 221
r4: Прямоугольник со сторонами 3 и 3
INFO - 2023-12-17 16:18:56,091 в строке 222
r4 width: 3, height: 3
INFO - 2023-12-17 16:18:56,091 в строке 223
r4 perimeter: 12
INFO - 2023-12-17 16:18:56,091 в строке 224
r4 area: 9
INFO - 2023-12-17 16:18:56,091 в строке 225
r1 < r2: False
INFO - 2023-12-17 16:18:56,091 в строке 226
r1 == r2: False
INFO - 2023-12-17 16:18:56,091 в строке 227
r1 <= r2: False